<?xml version="1.0" encoding="UTF-8"?>
<!-- Generated by org.testng.reporters.JUnitXMLReporter -->
<testsuite hostname="DESKTOP-OPKH1DL" ignored="0" name="Default test" tests="3" failures="0" timestamp="03 May 2021 02:44:45 GMT" time="24.23" errors="0">
  <testcase name="verifyLogin" time="5.686" classname="com.qa.test.LoginTest"/>
  <testcase name="verifyLogin" time="5.287" classname="com.qa.test.LoginTest"/>
  <testcase name="verifyLogin" time="5.409" classname="com.qa.test.LoginTest"/>
</testsuite> <!-- Default test -->
