<?xml version="1.0" encoding="UTF-8"?>
<testng-results skipped="0" failed="0" ignored="0" total="3" passed="3">
  <reporter-output>
  </reporter-output>
  <suite name="Default suite" duration-ms="24230" started-at="2021-05-03T02:44:20Z" finished-at="2021-05-03T02:44:45Z">
    <groups>
    </groups>
    <test name="Default test" duration-ms="24230" started-at="2021-05-03T02:44:20Z" finished-at="2021-05-03T02:44:45Z">
      <class name="com.qa.test.LoginTest">
        <test-method status="PASS" signature="beforeTest()[pri:0, instance:com.qa.test.LoginTest@7cd62f43]" name="beforeTest" is-config="true" duration-ms="6513" started-at="2021-05-03T02:44:20Z" finished-at="2021-05-03T02:44:27Z">
          <reporter-output>
          </reporter-output>
        </test-method> <!-- beforeTest -->
        <test-method status="PASS" signature="verifyLogin(java.lang.String, java.lang.String)[pri:0, instance:com.qa.test.LoginTest@7cd62f43]" name="verifyLogin" duration-ms="5686" started-at="2021-05-03T02:44:28Z" data-provider="loginData" finished-at="2021-05-03T02:44:34Z">
          <params>
            <param index="0">
              <value>
                <![CDATA[tutorial]]>
              </value>
            </param>
            <param index="1">
              <value>
                <![CDATA[tutorial]]>
              </value>
            </param>
          </params>
          <reporter-output>
          </reporter-output>
        </test-method> <!-- verifyLogin -->
        <test-method status="PASS" signature="verifyLogin(java.lang.String, java.lang.String)[pri:0, instance:com.qa.test.LoginTest@7cd62f43]" name="verifyLogin" duration-ms="5287" started-at="2021-05-03T02:44:34Z" data-provider="loginData" finished-at="2021-05-03T02:44:39Z">
          <params>
            <param index="0">
              <value>
                <![CDATA[abc]]>
              </value>
            </param>
            <param index="1">
              <value>
                <![CDATA[abc]]>
              </value>
            </param>
          </params>
          <reporter-output>
          </reporter-output>
        </test-method> <!-- verifyLogin -->
        <test-method status="PASS" signature="verifyLogin(java.lang.String, java.lang.String)[pri:0, instance:com.qa.test.LoginTest@7cd62f43]" name="verifyLogin" duration-ms="5409" started-at="2021-05-03T02:44:39Z" data-provider="loginData" finished-at="2021-05-03T02:44:45Z">
          <params>
            <param index="0">
              <value>
                <![CDATA[abc1]]>
              </value>
            </param>
            <param index="1">
              <value>
                <![CDATA[abc1]]>
              </value>
            </param>
          </params>
          <reporter-output>
          </reporter-output>
        </test-method> <!-- verifyLogin -->
        <test-method status="PASS" signature="afterTest()[pri:0, instance:com.qa.test.LoginTest@7cd62f43]" name="afterTest" is-config="true" duration-ms="1" started-at="2021-05-03T02:44:45Z" finished-at="2021-05-03T02:44:45Z">
          <reporter-output>
          </reporter-output>
        </test-method> <!-- afterTest -->
      </class> <!-- com.qa.test.LoginTest -->
    </test> <!-- Default test -->
  </suite> <!-- Default suite -->
</testng-results>
