<?xml version="1.0" encoding="UTF-8"?>
<!-- Generated by org.testng.reporters.JUnitXMLReporter -->
<testsuite hostname="DESKTOP-OPKH1DL" ignored="0" name="LoginTest" tests="3" failures="0" timestamp="29 Apr 2021 03:15:12 GMT" time="15.186" errors="0">
  <testcase name="verifyLogin" time="3.487" classname="com.qa.test.LoginTest"/>
  <testcase name="verifyLogin" time="2.311" classname="com.qa.test.LoginTest"/>
  <testcase name="verifyLogin" time="2.626" classname="com.qa.test.LoginTest"/>
</testsuite> <!-- LoginTest -->
